<?xml version="1.0" encoding="UTF-8"?>
<!-- Generated by org.testng.reporters.JUnitReportReporter -->
<testsuite hostname="DESKTOP-JQJCHJ4" failures="0" tests="2" name="com.wesendit.testcases.TC004_UploadMultiFiles" time="44.590" errors="0" timestamp="29 Jun 2020 03:49:56 GMT" skipped="0">
  <testcase classname="com.wesendit.testcases.TC004_UploadMultiFiles" name="loginTest" time="8.504"/>
  <testcase classname="com.wesendit.testcases.TC004_UploadMultiFiles" name="uploadMultiFile" time="36.086"/>
</testsuite> <!-- com.wesendit.testcases.TC004_UploadMultiFiles -->
