<?xml version="1.0" encoding="UTF-8"?>
<!-- Generated by org.testng.reporters.JUnitReportReporter -->
<testsuite hostname="DESKTOP-JQJCHJ4" failures="0" tests="1" name="com.wesendit.testcases.TC001_Register" time="9.046" errors="0" timestamp="28 Jun 2020 18:43:55 GMT" skipped="0">
  <testcase classname="com.wesendit.testcases.TC001_Register" name="registerTest" time="9.046"/>
</testsuite> <!-- com.wesendit.testcases.TC001_Register -->
