<?xml version="1.0" encoding="UTF-8"?>
<!-- Generated by org.testng.reporters.JUnitReportReporter -->
<testsuite hostname="DESKTOP-JQJCHJ4" failures="0" tests="2" name="com.wesendit.testcases.UploadMultiFiles" time="42.979" errors="0" timestamp="28 Jun 2020 15:52:17 GMT" skipped="0">
  <testcase classname="com.wesendit.testcases.UploadMultiFiles" name="loginTest" time="9.558"/>
  <testcase classname="com.wesendit.testcases.UploadMultiFiles" name="uploadMultiFile" time="33.421"/>
</testsuite> <!-- com.wesendit.testcases.UploadMultiFiles -->
