<?xml version="1.0" encoding="UTF-8"?>
<!-- Generated by org.testng.reporters.JUnitReportReporter -->
<testsuite hostname="DESKTOP-JQJCHJ4" failures="0" tests="2" name="com.wesendit.testcases.TC006_MultipleFileDownload" time="44.459" errors="0" timestamp="29 Jun 2020 03:34:42 GMT" skipped="0">
  <testcase classname="com.wesendit.testcases.TC006_MultipleFileDownload" name="downloadMultipleFile" time="35.914"/>
  <testcase classname="com.wesendit.testcases.TC006_MultipleFileDownload" name="loginTest" time="8.545"/>
</testsuite> <!-- com.wesendit.testcases.TC006_MultipleFileDownload -->
