<?xml version="1.0" encoding="UTF-8"?>
<!-- Generated by org.testng.reporters.JUnitReportReporter -->
<testsuite hostname="DESKTOP-JQJCHJ4" failures="0" tests="1" name="com.wesendit.testcases.CommonClass" time="0.023" errors="0" timestamp="28 Jun 2020 06:39:47 GMT" skipped="0">
  <testcase classname="com.wesendit.testcases.CommonClass" name="tc1" time="0.023"/>
</testsuite> <!-- com.wesendit.testcases.CommonClass -->
