<?xml version="1.0" encoding="UTF-8"?>
<!-- Generated by org.testng.reporters.JUnitReportReporter -->
<testsuite hostname="DESKTOP-JQJCHJ4" failures="0" tests="1" name="com.wesendit.testcases.UploadSingleFile" time="14.105" errors="0" timestamp="28 Jun 2020 15:11:05 GMT" skipped="0">
  <testcase classname="com.wesendit.testcases.UploadSingleFile" name="UploadFile" time="14.105"/>
</testsuite> <!-- com.wesendit.testcases.UploadSingleFile -->
