<?xml version="1.0" encoding="UTF-8"?>
<!-- Generated by org.testng.reporters.JUnitReportReporter -->
<testsuite hostname="DESKTOP-JQJCHJ4" failures="0" tests="1" name="com.wesendit.testcases.TC003_UploadSingleFile" time="14.861" errors="0" timestamp="28 Jun 2020 18:49:56 GMT" skipped="0">
  <testcase classname="com.wesendit.testcases.TC003_UploadSingleFile" name="UploadFile" time="14.861"/>
</testsuite> <!-- com.wesendit.testcases.TC003_UploadSingleFile -->
